2017-06-06 22:41:46 pid:10792 Workerman[start.php] stop 
2017-06-06 22:41:46 pid:10792 Workerman[start.php] is stoping ...
2017-06-06 22:41:46 pid:10792 Workerman[start.php] stop success
2017-06-06 22:41:55 pid:10793 Workerman[start.php] stop 
2017-06-06 22:41:55 pid:10793 Workerman[start.php] not run
2017-06-06 22:42:06 pid:10794 Workerman[start.php] start in DAEMON mode
2017-06-06 23:11:42 pid:10920 Workerman[start.php] reload 
2017-06-06 23:11:42 pid:10920 Workerman[start.php] reload
2017-06-06 23:11:42 pid:10796 Workerman[start.php] reloading
2017-06-06 23:12:04 pid:10939 Workerman[start.php] stop 
2017-06-06 23:12:04 pid:10939 Workerman[start.php] is stoping ...
2017-06-06 23:12:04 pid:10796 Workerman[start.php] Stopping ...
2017-06-06 23:12:04 pid:10796 Workerman[start.php] has been stopped
2017-06-06 23:12:04 pid:10939 Workerman[start.php] stop success
2017-06-06 23:12:14 pid:10940 Workerman[start.php] start in DAEMON mode
2017-06-06 23:13:31 pid:10980 Workerman[start.php] reload 
2017-06-06 23:13:31 pid:10980 Workerman[start.php] reload
2017-06-06 23:13:31 pid:10942 Workerman[start.php] reloading
2017-06-06 23:13:53 pid:10999 Workerman[start.php] stop 
2017-06-06 23:13:53 pid:10999 Workerman[start.php] is stoping ...
2017-06-06 23:13:53 pid:10942 Workerman[start.php] Stopping ...
2017-06-06 23:13:53 pid:10942 Workerman[start.php] has been stopped
2017-06-06 23:13:53 pid:10999 Workerman[start.php] stop success
2017-06-06 23:13:55 pid:11000 Workerman[start.php] start in DAEMON mode
2017-06-06 23:14:50 pid:11033 Workerman[start.php] reload 
2017-06-06 23:14:50 pid:11033 Workerman[start.php] reload
2017-06-06 23:14:50 pid:11002 Workerman[start.php] reloading
2017-06-06 23:15:07 pid:11052 Workerman[start.php] stop 
2017-06-06 23:15:07 pid:11052 Workerman[start.php] is stoping ...
2017-06-06 23:15:07 pid:11002 Workerman[start.php] Stopping ...
2017-06-06 23:15:07 pid:11002 Workerman[start.php] has been stopped
2017-06-06 23:15:07 pid:11052 Workerman[start.php] stop success
2017-06-06 23:15:10 pid:11053 Workerman[start.php] start in DAEMON mode
2017-06-06 23:15:45 pid:11093 Workerman[start.php] stop 
2017-06-06 23:15:45 pid:11093 Workerman[start.php] is stoping ...
2017-06-06 23:15:45 pid:11055 Workerman[start.php] Stopping ...
2017-06-06 23:15:45 pid:11055 Workerman[start.php] has been stopped
2017-06-06 23:15:45 pid:11093 Workerman[start.php] stop success
2017-06-06 23:15:49 pid:11094 Workerman[start.php] start in DAEMON mode
2017-06-06 23:22:12 pid:11170 Workerman[start.php] stop 
2017-06-06 23:22:12 pid:11170 Workerman[start.php] is stoping ...
2017-06-06 23:22:12 pid:11096 Workerman[start.php] Stopping ...
2017-06-06 23:22:12 pid:11096 Workerman[start.php] has been stopped
2017-06-06 23:22:12 pid:11170 Workerman[start.php] stop success
2017-06-06 23:22:19 pid:11171 Workerman[start.php] start in DAEMON mode
2017-06-06 23:23:44 pid:11211 Workerman[start.php] stop 
2017-06-06 23:23:44 pid:11211 Workerman[start.php] is stoping ...
2017-06-06 23:23:44 pid:11173 Workerman[start.php] Stopping ...
2017-06-06 23:23:45 pid:11173 Workerman[start.php] has been stopped
2017-06-06 23:23:45 pid:11211 Workerman[start.php] stop success
2017-06-06 23:23:46 pid:11212 Workerman[start.php] start in DAEMON mode
2017-06-06 23:44:05 pid:11327 Workerman[start.php] stop 
2017-06-06 23:44:05 pid:11327 Workerman[start.php] is stoping ...
2017-06-06 23:44:05 pid:11214 Workerman[start.php] Stopping ...
2017-06-06 23:44:05 pid:11214 Workerman[start.php] has been stopped
2017-06-06 23:44:05 pid:11327 Workerman[start.php] stop success
2017-06-06 23:44:10 pid:11328 Workerman[start.php] start in DAEMON mode
2017-06-06 23:54:25 pid:11330 Workerman[start.php] Stopping ...
2017-06-06 23:54:25 pid:11330 Workerman[start.php] has been stopped
2017-06-08 10:41:23 pid:30833 Workerman[start.php] reload 
2017-06-08 10:41:23 pid:30833 Workerman[start.php] reload
